<?xml version="1.0" encoding="UTF-8"?>
<!-- Generated by org.testng.reporters.JUnitReportReporter -->
<testsuite skipped="0" hostname="INMAAWN53000190" name="com.dataprovider.DummyTest" tests="1" failures="0" timestamp="30 Dec 2020 05:29:09 GMT" time="0.013" errors="0">
  <testcase name="test3" time="0.013" classname="com.dataprovider.DummyTest"/>
</testsuite> <!-- com.dataprovider.DummyTest -->
