<?xml version="1.0" encoding="UTF-8"?>
<!-- Generated by org.testng.reporters.JUnitReportReporter -->
<testsuite skipped="0" hostname="INMAAWN53000190" name="com.assertj.AssertJodaDemo" tests="1" failures="0" timestamp="18 Dec 2020 08:00:59 GMT" time="0.170" errors="0">
  <testcase name="dateTimeTest" time="0.170" classname="com.assertj.AssertJodaDemo"/>
</testsuite> <!-- com.assertj.AssertJodaDemo -->
