<?xml version="1.0" encoding="UTF-8"?>
<!-- Generated by org.testng.reporters.JUnitReportReporter -->
<testsuite skipped="0" hostname="INMAAWN53000190" name="com.dataprovider.latest.DataProviderWithJson" tests="2" failures="0" timestamp="29 Dec 2020 13:09:34 GMT" time="0.014" errors="0">
  <testcase name="testDPWithJson" time="0.011" classname="com.dataprovider.latest.DataProviderWithJson"/>
  <testcase name="testDPWithJson" time="0.003" classname="com.dataprovider.latest.DataProviderWithJson"/>
</testsuite> <!-- com.dataprovider.latest.DataProviderWithJson -->
