<?xml version="1.0" encoding="UTF-8"?>
<!-- Generated by org.testng.reporters.JUnitReportReporter -->
<testsuite skipped="0" hostname="INMAAWN53000190" name="com.dataprovider.latest.DataProviderWithExcel" tests="3" failures="0" timestamp="29 Dec 2020 08:20:27 GMT" time="0.020" errors="0">
  <testcase name="test2" time="0.016" classname="com.dataprovider.latest.DataProviderWithExcel"/>
  <testcase name="test2" time="0.002" classname="com.dataprovider.latest.DataProviderWithExcel"/>
  <testcase name="test2" time="0.002" classname="com.dataprovider.latest.DataProviderWithExcel"/>
</testsuite> <!-- com.dataprovider.latest.DataProviderWithExcel -->
