<?xml version="1.0" encoding="UTF-8"?>
<!-- Generated by org.testng.reporters.JUnitReportReporter -->
<testsuite skipped="0" hostname="INMAAWN53000190" name="com.dataprovider.DataProviderWithExcel" tests="3" failures="0" timestamp="29 Dec 2020 04:39:36 GMT" time="0.027" errors="0">
  <testcase name="testWithExcelAndTable" time="0.009" classname="com.dataprovider.DataProviderWithExcel"/>
  <testcase name="testWithExcelAndTable" time="0.009" classname="com.dataprovider.DataProviderWithExcel"/>
  <testcase name="testWithExcelAndTable" time="0.009" classname="com.dataprovider.DataProviderWithExcel"/>
</testsuite> <!-- com.dataprovider.DataProviderWithExcel -->
