<?xml version="1.0" encoding="UTF-8"?>
<!-- Generated by org.testng.reporters.JUnitReportReporter -->
<testsuite skipped="0" hostname="INMAAWN53000190" name="com.extentreports.ExtentReportsDemo" tests="1" failures="0" timestamp="31 Dec 2020 04:56:35 GMT" time="2.486" errors="0">
  <testcase name="test1" time="2.486" classname="com.extentreports.ExtentReportsDemo"/>
</testsuite> <!-- com.extentreports.ExtentReportsDemo -->
