<?xml version="1.0" encoding="UTF-8"?>
<!-- Generated by org.testng.reporters.JUnitReportReporter -->
<testsuite skipped="0" hostname="INMAAWN53000190" name="com.pagefactory.Runner" tests="1" failures="0" timestamp="23 Dec 2020 16:42:50 GMT" time="8.683" errors="0">
  <testcase name="test3" time="8.683" classname="com.pagefactory.Runner"/>
</testsuite> <!-- com.pagefactory.Runner -->
