<?xml version="1.0" encoding="UTF-8"?>
<!-- Generated by org.testng.reporters.JUnitReportReporter -->
<testsuite skipped="0" hostname="INMAAWN53000190" name="com.dataprovider.latest.DataProviderTest" tests="4" failures="0" timestamp="29 Dec 2020 07:56:17 GMT" time="0.019" errors="0">
  <testcase name="test1" time="0.013" classname="com.dataprovider.latest.DataProviderTest"/>
  <testcase name="test2" time="0.001" classname="com.dataprovider.latest.DataProviderTest"/>
  <testcase name="test2" time="0.002" classname="com.dataprovider.latest.DataProviderTest"/>
  <testcase name="test1" time="0.003" classname="com.dataprovider.latest.DataProviderTest"/>
</testsuite> <!-- com.dataprovider.latest.DataProviderTest -->
